[33mStarting up http-server, serving [39m[36m./[39m[33m through[39m[36m https[39m[33m[39m
[33mAvailable on:[39m
  https://127.0.0.1:[32m443[39m
  https://172.31.27.136:[32m443[39m
Hit CTRL-C to stop the server
[Wed May 13 2020 15:17:44 GMT+0000 (UTC)]  "[36mGET[39m [36m/[39m" "Mozilla/5.0 (Macintosh; Intel Mac OS X 10_15_0) AppleWebKit/537.36 (KHTML, like Gecko) Chrome/81.0.4044.138 Safari/537.36"
[Wed May 13 2020 15:17:49 GMT+0000 (UTC)]  "[36mGET[39m [36m/[39m" "Mozilla/5.0 (Macintosh; Intel Mac OS X 10_15_0) AppleWebKit/537.36 (KHTML, like Gecko) Chrome/81.0.4044.138 Safari/537.36"
[Wed May 13 2020 15:18:21 GMT+0000 (UTC)]  "[36mGET[39m [36m/[39m" "Mozilla/5.0 (Macintosh; Intel Mac OS X 10_15_0) AppleWebKit/537.36 (KHTML, like Gecko) Chrome/81.0.4044.138 Safari/537.36"
[Wed May 13 2020 15:18:23 GMT+0000 (UTC)]  "[36mGET[39m [36m/[39m" "Mozilla/5.0 (Macintosh; Intel Mac OS X 10_15_0) AppleWebKit/537.36 (KHTML, like Gecko) Chrome/81.0.4044.138 Safari/537.36"
[Wed May 13 2020 15:18:49 GMT+0000 (UTC)]  "[36mGET[39m [36m/sda[39m" "Mozilla/5.0 (Macintosh; Intel Mac OS X 10_15_0) AppleWebKit/537.36 (KHTML, like Gecko) Chrome/81.0.4044.138 Safari/537.36"
[Wed May 13 2020 15:18:49 GMT+0000 (UTC)]  "[31mGET[39m [31m/sda[39m" Error ([31m404[39m): "[31mNot found[39m"
[Wed May 13 2020 15:18:55 GMT+0000 (UTC)]  "[36mGET[39m [36m/sdaasd[39m" "Mozilla/5.0 (Macintosh; Intel Mac OS X 10_15_0) AppleWebKit/537.36 (KHTML, like Gecko) Chrome/81.0.4044.138 Safari/537.36"
[Wed May 13 2020 15:18:55 GMT+0000 (UTC)]  "[31mGET[39m [31m/sdaasd[39m" Error ([31m404[39m): "[31mNot found[39m"
[Wed May 13 2020 15:21:48 GMT+0000 (UTC)]  "[36mGET[39m [36m/[39m" "Mozilla/5.0 (Linux; Android 10; HD1901) AppleWebKit/537.36 (KHTML, like Gecko) Chrome/81.0.4044.138 Mobile Safari/537.36"
[Wed May 13 2020 15:21:48 GMT+0000 (UTC)]  "[36mGET[39m [36m/heatmap.js[39m" "Mozilla/5.0 (Linux; Android 10; HD1901) AppleWebKit/537.36 (KHTML, like Gecko) Chrome/81.0.4044.138 Mobile Safari/537.36"
[Wed May 13 2020 15:21:48 GMT+0000 (UTC)]  "[36mGET[39m [36m/favicon.ico[39m" "Mozilla/5.0 (Linux; Android 10; HD1901) AppleWebKit/537.36 (KHTML, like Gecko) Chrome/81.0.4044.138 Mobile Safari/537.36"
[Wed May 13 2020 15:21:48 GMT+0000 (UTC)]  "[31mGET[39m [31m/favicon.ico[39m" Error ([31m404[39m): "[31mNot found[39m"
[Wed May 13 2020 15:21:51 GMT+0000 (UTC)]  "[36mGET[39m [36m/[39m" "Mozilla/5.0 (Linux; Android 10; HD1901) AppleWebKit/537.36 (KHTML, like Gecko) Chrome/81.0.4044.138 Mobile Safari/537.36"
[Wed May 13 2020 15:21:56 GMT+0000 (UTC)]  "[36mGET[39m [36m/[39m" "Mozilla/5.0 (Linux; Android 10; HD1901) AppleWebKit/537.36 (KHTML, like Gecko) Chrome/81.0.4044.138 Mobile Safari/537.36"
[Wed May 13 2020 15:21:56 GMT+0000 (UTC)]  "[36mGET[39m [36m/gaze.js[39m" "Mozilla/5.0 (Linux; Android 10; HD1901) AppleWebKit/537.36 (KHTML, like Gecko) Chrome/81.0.4044.138 Mobile Safari/537.36"
[Wed May 13 2020 15:21:56 GMT+0000 (UTC)]  "[36mGET[39m [36m/heatmap.js[39m" "Mozilla/5.0 (Linux; Android 10; HD1901) AppleWebKit/537.36 (KHTML, like Gecko) Chrome/81.0.4044.138 Mobile Safari/537.36"
[Wed May 13 2020 15:22:09 GMT+0000 (UTC)]  "[36mGET[39m [36m/[39m" "Mozilla/5.0 (Linux; Android 10; HD1901) AppleWebKit/537.36 (KHTML, like Gecko) Chrome/81.0.4044.138 Mobile Safari/537.36"
[Wed May 13 2020 15:24:04 GMT+0000 (UTC)]  "[36mGET[39m [36m/[39m" "Mozilla/5.0 (Linux; Android 10; HD1901) AppleWebKit/537.36 (KHTML, like Gecko) Chrome/81.0.4044.138 Mobile Safari/537.36"
[Wed May 13 2020 16:06:44 GMT+0000 (UTC)]  "[36mGET[39m [36m/favicon.ico[39m" "Mozilla/5.0 (Linux; Android 10; HD1901) AppleWebKit/537.36 (KHTML, like Gecko) Chrome/81.0.4044.138 Mobile Safari/537.36"
[Wed May 13 2020 16:06:44 GMT+0000 (UTC)]  "[31mGET[39m [31m/favicon.ico[39m" Error ([31m404[39m): "[31mNot found[39m"
[Wed May 13 2020 16:08:05 GMT+0000 (UTC)]  "[36mGET[39m [36m/favicon.ico[39m" "Mozilla/5.0 (Linux; Android 10; HD1901) AppleWebKit/537.36 (KHTML, like Gecko) Chrome/81.0.4044.138 Mobile Safari/537.36"
[Wed May 13 2020 16:08:05 GMT+0000 (UTC)]  "[31mGET[39m [31m/favicon.ico[39m" Error ([31m404[39m): "[31mNot found[39m"
[Wed May 13 2020 16:58:37 GMT+0000 (UTC)]  "[36mGET[39m [36m/[39m" "Mozilla/5.0 (Windows NT 10.0; Win64; x64) AppleWebKit/537.36 (KHTML, like Gecko) Chrome/78.0.3904.108 Safari/537.36"
[Wed May 13 2020 17:02:41 GMT+0000 (UTC)]  "[36mGET[39m [36m/[39m" "Mozilla/5.0 (Windows NT 10.0; Win64; x64) AppleWebKit/537.36 (KHTML, like Gecko) Chrome/78.0.3904.108 Safari/537.36"
[Wed May 13 2020 17:02:42 GMT+0000 (UTC)]  "[36mGET[39m [36m/[39m" "Mozilla/5.0 (Windows NT 10.0; Win64; x64) AppleWebKit/537.36 (KHTML, like Gecko) Chrome/78.0.3904.108 Safari/537.36"
[Wed May 13 2020 17:14:20 GMT+0000 (UTC)]  "[36mGET[39m [36m/[39m" "Mozilla/5.0 (Windows NT 10.0; Win64; x64) AppleWebKit/537.36 (KHTML, like Gecko) Chrome/78.0.3904.108 Safari/537.36"
[Wed May 13 2020 17:38:19 GMT+0000 (UTC)]  "[36mGET[39m [36m/[39m" "Mozilla/5.0 (Windows NT 10.0; Win64; x64; rv:57.0) Gecko/20100101 Firefox/57.0"
[Wed May 13 2020 17:38:19 GMT+0000 (UTC)]  "[36mGET[39m [36m/gaze.js[39m" "Mozilla/5.0 (Windows NT 10.0; Win64; x64; rv:57.0) Gecko/20100101 Firefox/57.0"
[Wed May 13 2020 17:38:19 GMT+0000 (UTC)]  "[36mGET[39m [36m/heatmap.js[39m" "Mozilla/5.0 (Windows NT 10.0; Win64; x64; rv:57.0) Gecko/20100101 Firefox/57.0"
[Wed May 13 2020 18:27:07 GMT+0000 (UTC)]  "[36mGET[39m [36m/[39m" "Mozilla/5.0 (Linux; Android 10; HD1901) AppleWebKit/537.36 (KHTML, like Gecko) Chrome/81.0.4044.138 Mobile Safari/537.36"
[Wed May 13 2020 18:27:07 GMT+0000 (UTC)]  "[36mGET[39m [36m/gaze.js[39m" "Mozilla/5.0 (Linux; Android 10; HD1901) AppleWebKit/537.36 (KHTML, like Gecko) Chrome/81.0.4044.138 Mobile Safari/537.36"
[Wed May 13 2020 18:27:07 GMT+0000 (UTC)]  "[36mGET[39m [36m/heatmap.js[39m" "Mozilla/5.0 (Linux; Android 10; HD1901) AppleWebKit/537.36 (KHTML, like Gecko) Chrome/81.0.4044.138 Mobile Safari/537.36"
[Wed May 13 2020 18:27:08 GMT+0000 (UTC)]  "[36mGET[39m [36m/favicon.ico[39m" "Mozilla/5.0 (Linux; Android 10; HD1901) AppleWebKit/537.36 (KHTML, like Gecko) Chrome/81.0.4044.138 Mobile Safari/537.36"
[Wed May 13 2020 18:27:08 GMT+0000 (UTC)]  "[31mGET[39m [31m/favicon.ico[39m" Error ([31m404[39m): "[31mNot found[39m"
[Wed May 13 2020 18:27:25 GMT+0000 (UTC)]  "[36mGET[39m [36m/[39m" "Mozilla/5.0 (Linux; Android 10; HD1901) AppleWebKit/537.36 (KHTML, like Gecko) Chrome/81.0.4044.138 Mobile Safari/537.36"
[Wed May 13 2020 18:27:34 GMT+0000 (UTC)]  "[36mGET[39m [36m/[39m" "Mozilla/5.0 (Linux; Android 10; HD1901) AppleWebKit/537.36 (KHTML, like Gecko) Chrome/81.0.4044.138 Mobile Safari/537.36"
[Wed May 13 2020 18:27:34 GMT+0000 (UTC)]  "[36mGET[39m [36m/gaze.js[39m" "Mozilla/5.0 (Linux; Android 10; HD1901) AppleWebKit/537.36 (KHTML, like Gecko) Chrome/81.0.4044.138 Mobile Safari/537.36"
[Wed May 13 2020 18:27:34 GMT+0000 (UTC)]  "[36mGET[39m [36m/heatmap.js[39m" "Mozilla/5.0 (Linux; Android 10; HD1901) AppleWebKit/537.36 (KHTML, like Gecko) Chrome/81.0.4044.138 Mobile Safari/537.36"
[Wed May 13 2020 18:27:34 GMT+0000 (UTC)]  "[36mGET[39m [36m/favicon.ico[39m" "Mozilla/5.0 (Linux; Android 10; HD1901) AppleWebKit/537.36 (KHTML, like Gecko) Chrome/81.0.4044.138 Mobile Safari/537.36"
[Wed May 13 2020 18:27:34 GMT+0000 (UTC)]  "[31mGET[39m [31m/favicon.ico[39m" Error ([31m404[39m): "[31mNot found[39m"
[Wed May 13 2020 18:29:31 GMT+0000 (UTC)]  "[36mGET[39m [36m/[39m" "Mozilla/5.0 (Linux; Android 10; HD1901) AppleWebKit/537.36 (KHTML, like Gecko) Chrome/81.0.4044.138 Mobile Safari/537.36"
[Wed May 13 2020 18:29:31 GMT+0000 (UTC)]  "[36mGET[39m [36m/gaze.js[39m" "Mozilla/5.0 (Linux; Android 10; HD1901) AppleWebKit/537.36 (KHTML, like Gecko) Chrome/81.0.4044.138 Mobile Safari/537.36"
[Wed May 13 2020 18:29:31 GMT+0000 (UTC)]  "[36mGET[39m [36m/heatmap.js[39m" "Mozilla/5.0 (Linux; Android 10; HD1901) AppleWebKit/537.36 (KHTML, like Gecko) Chrome/81.0.4044.138 Mobile Safari/537.36"
[Wed May 13 2020 19:02:24 GMT+0000 (UTC)]  "[36mGET[39m [36m/[39m" "Mozilla/5.0 (Windows NT 10.0; Win64; x64) AppleWebKit/537.36 (KHTML, like Gecko) Chrome/78.0.3904.108 Safari/537.36"
[Wed May 13 2020 19:18:21 GMT+0000 (UTC)]  "[36mGET[39m [36m/[39m" "Mozilla/5.0 (Windows NT 10.0; WOW64) AppleWebKit/537.36 (KHTML, like Gecko) Chrome/20.0.1132.57 Safari/537.36"
[Wed May 13 2020 19:18:22 GMT+0000 (UTC)]  "[36mGET[39m [36m/[39m" "Mozilla/5.0 (Windows NT 10.0; WOW64) AppleWebKit/537.36 (KHTML, like Gecko) Chrome/20.0.1132.57 Safari/537.36"
[Wed May 13 2020 20:15:21 GMT+0000 (UTC)]  "[36mGET[39m [36m/[39m" "Mozilla/5.0 (Macintosh; Intel Mac OS X 10_15_0) AppleWebKit/537.36 (KHTML, like Gecko) Chrome/81.0.4044.138 Safari/537.36"
[Wed May 13 2020 20:15:21 GMT+0000 (UTC)]  "[36mGET[39m [36m/gaze.js[39m" "Mozilla/5.0 (Macintosh; Intel Mac OS X 10_15_0) AppleWebKit/537.36 (KHTML, like Gecko) Chrome/81.0.4044.138 Safari/537.36"
[Wed May 13 2020 20:15:21 GMT+0000 (UTC)]  "[36mGET[39m [36m/heatmap.js[39m" "Mozilla/5.0 (Macintosh; Intel Mac OS X 10_15_0) AppleWebKit/537.36 (KHTML, like Gecko) Chrome/81.0.4044.138 Safari/537.36"
[Wed May 13 2020 20:15:21 GMT+0000 (UTC)]  "[36mGET[39m [36m/[39m" "Mozilla/5.0 (Macintosh; Intel Mac OS X 10_15_0) AppleWebKit/537.36 (KHTML, like Gecko) Chrome/81.0.4044.138 Safari/537.36"
[Wed May 13 2020 20:17:02 GMT+0000 (UTC)]  "[36mGET[39m [36m/[39m" "WhatsApp/2.20.159 A"
[Wed May 13 2020 20:17:13 GMT+0000 (UTC)]  "[36mGET[39m [36m/[39m" "Mozilla/5.0 (Linux; Android 9; Mi A1) AppleWebKit/537.36 (KHTML, like Gecko) Chrome/81.0.4044.138 Mobile Safari/537.36"
[Wed May 13 2020 20:17:13 GMT+0000 (UTC)]  "[36mGET[39m [36m/gaze.js[39m" "Mozilla/5.0 (Linux; Android 9; Mi A1) AppleWebKit/537.36 (KHTML, like Gecko) Chrome/81.0.4044.138 Mobile Safari/537.36"
[Wed May 13 2020 20:17:13 GMT+0000 (UTC)]  "[36mGET[39m [36m/heatmap.js[39m" "Mozilla/5.0 (Linux; Android 9; Mi A1) AppleWebKit/537.36 (KHTML, like Gecko) Chrome/81.0.4044.138 Mobile Safari/537.36"
[Wed May 13 2020 20:17:16 GMT+0000 (UTC)]  "[36mGET[39m [36m/favicon.ico[39m" "Mozilla/5.0 (Linux; Android 9; Mi A1) AppleWebKit/537.36 (KHTML, like Gecko) Chrome/81.0.4044.138 Mobile Safari/537.36"
[Wed May 13 2020 20:17:16 GMT+0000 (UTC)]  "[31mGET[39m [31m/favicon.ico[39m" Error ([31m404[39m): "[31mNot found[39m"
[Wed May 13 2020 20:18:14 GMT+0000 (UTC)]  "[36mGET[39m [36m/[39m" "Mozilla/5.0 (Macintosh; Intel Mac OS X 10_15_0) AppleWebKit/537.36 (KHTML, like Gecko) Chrome/81.0.4044.138 Safari/537.36"
[Wed May 13 2020 20:18:15 GMT+0000 (UTC)]  "[36mGET[39m [36m/rrweb-record.min.js.map[39m" "Mozilla/5.0 (Linux; Android 6.0.1; Moto G (4)) AppleWebKit/537.36 (KHTML, like Gecko) Chrome/81.0.4044.138 Mobile Safari/537.36"
[Wed May 13 2020 20:18:15 GMT+0000 (UTC)]  "[31mGET[39m [31m/rrweb-record.min.js.map[39m" Error ([31m404[39m): "[31mNot found[39m"
[Wed May 13 2020 20:19:05 GMT+0000 (UTC)]  "[36mGET[39m [36m/[39m" "Mozilla/5.0 (Macintosh; Intel Mac OS X 10_15_0) AppleWebKit/537.36 (KHTML, like Gecko) Chrome/81.0.4044.138 Safari/537.36"
[Wed May 13 2020 20:19:06 GMT+0000 (UTC)]  "[36mGET[39m [36m/gaze.js[39m" "Mozilla/5.0 (Macintosh; Intel Mac OS X 10_15_0) AppleWebKit/537.36 (KHTML, like Gecko) Chrome/81.0.4044.138 Safari/537.36"
[Wed May 13 2020 20:19:06 GMT+0000 (UTC)]  "[36mGET[39m [36m/heatmap.js[39m" "Mozilla/5.0 (Macintosh; Intel Mac OS X 10_15_0) AppleWebKit/537.36 (KHTML, like Gecko) Chrome/81.0.4044.138 Safari/537.36"
[Wed May 13 2020 20:19:06 GMT+0000 (UTC)]  "[36mGET[39m [36m/[39m" "Mozilla/5.0 (Macintosh; Intel Mac OS X 10_15_0) AppleWebKit/537.36 (KHTML, like Gecko) Chrome/81.0.4044.138 Safari/537.36"
[Wed May 13 2020 20:20:14 GMT+0000 (UTC)]  "[36mGET[39m [36m/[39m" "Mozilla/5.0 (Macintosh; Intel Mac OS X 10_15_0) AppleWebKit/537.36 (KHTML, like Gecko) Chrome/81.0.4044.138 Safari/537.36"
